{"numFailedTestSuites":0,"numFailedTests":0,"numPassedTestSuites":10,"numPassedTests":12,"numPendingTestSuites":0,"numPendingTests":0,"numRuntimeErrorTestSuites":0,"numTodoTests":0,"numTotalTestSuites":10,"numTotalTests":12,"openHandles":[],"snapshot":{"added":0,"didUpdate":false,"failure":false,"filesAdded":0,"filesRemoved":0,"filesUnmatched":0,"filesUpdated":0,"matched":0,"total":0,"unchecked":0,"uncheckedKeysByFile":[],"unmatched":0,"updated":0},"startTime":1553895928587,"success":true,"testResults":[{"assertionResults":[{"ancestorTitles":["AxlMetronome"],"failureMessages":[],"fullName":"AxlMetronome Default","location":null,"status":"passed","title":"Default"}],"endTime":1553895933228,"message":"","name":"/Users/thara/NodeProjects/axl-metronome/__tests-image__/AxlMetronome.test.tsx","startTime":1553895930486,"status":"passed","summary":""},{"assertionResults":[{"ancestorTitles":["RingStepped"],"failureMessages":[],"fullName":"RingStepped Default","location":null,"status":"passed","title":"Default"}],"endTime":1553895933319,"message":"","name":"/Users/thara/NodeProjects/axl-metronome/__tests-image__/Counter/Time/RingStepped.test.tsx","startTime":1553895930489,"status":"passed","summary":""},{"assertionResults":[{"ancestorTitles":["TempoSelector"],"failureMessages":[],"fullName":"TempoSelector Default","location":null,"status":"passed","title":"Default"}],"endTime":1553895933408,"message":"","name":"/Users/thara/NodeProjects/axl-metronome/__tests-image__/Tempo/TempoSelector.test.tsx","startTime":1553895930486,"status":"passed","summary":""},{"assertionResults":[{"ancestorTitles":["BeatAxl"],"failureMessages":[],"fullName":"BeatAxl Default","location":null,"status":"passed","title":"Default"}],"endTime":1553895933604,"message":"","name":"/Users/thara/NodeProjects/axl-metronome/__tests-image__/Counter/Beat/BeatAxl.test.tsx","startTime":1553895930490,"status":"passed","summary":""},{"assertionResults":[{"ancestorTitles":["Time"],"failureMessages":[],"fullName":"Time Default","location":null,"status":"passed","title":"Default"}],"endTime":1553895933693,"message":"","name":"/Users/thara/NodeProjects/axl-metronome/__tests-image__/Counter/Time/Time.test.tsx","startTime":1553895930489,"status":"passed","summary":""},{"assertionResults":[{"ancestorTitles":["Tempo"],"failureMessages":[],"fullName":"Tempo Default - From","location":null,"status":"passed","title":"Default - From"},{"ancestorTitles":["Tempo"],"failureMessages":[],"fullName":"Tempo Default - To","location":null,"status":"passed","title":"Default - To"}],"endTime":1553895934343,"message":"","name":"/Users/thara/NodeProjects/axl-metronome/__tests-image__/Tempo/Tempo.test.tsx","startTime":1553895930485,"status":"passed","summary":""},{"assertionResults":[{"ancestorTitles":["Indicator"],"failureMessages":[],"fullName":"Indicator Default","location":null,"status":"passed","title":"Default"}],"endTime":1553895935298,"message":"","name":"/Users/thara/NodeProjects/axl-metronome/__tests-image__/Counter/Time/Indicator.test.tsx","startTime":1553895933475,"status":"passed","summary":""},{"assertionResults":[{"ancestorTitles":["Counter"],"failureMessages":[],"fullName":"Counter Default","location":null,"status":"passed","title":"Default"}],"endTime":1553895935394,"message":"","name":"/Users/thara/NodeProjects/axl-metronome/__tests-image__/Counter/Counter.test.tsx","startTime":1553895933475,"status":"passed","summary":""},{"assertionResults":[{"ancestorTitles":["Beat"],"failureMessages":[],"fullName":"Beat Default","location":null,"status":"passed","title":"Default"}],"endTime":1553895935491,"message":"","name":"/Users/thara/NodeProjects/axl-metronome/__tests-image__/Counter/Beat/Beat.test.tsx","startTime":1553895933551,"status":"passed","summary":""},{"assertionResults":[{"ancestorTitles":["Ring"],"failureMessages":[],"fullName":"Ring Default","location":null,"status":"passed","title":"Default"},{"ancestorTitles":["Ring"],"failureMessages":[],"fullName":"Ring Progress: 50%","location":null,"status":"passed","title":"Progress: 50%"}],"endTime":1553895936298,"message":"","name":"/Users/thara/NodeProjects/axl-metronome/__tests-image__/Counter/Time/Ring.test.tsx","startTime":1553895930490,"status":"passed","summary":""}],"wasInterrupted":false}