{"numFailedTestSuites":0,"numFailedTests":0,"numPassedTestSuites":10,"numPassedTests":12,"numPendingTestSuites":0,"numPendingTests":0,"numRuntimeErrorTestSuites":0,"numTodoTests":0,"numTotalTestSuites":10,"numTotalTests":12,"openHandles":[],"snapshot":{"added":0,"didUpdate":false,"failure":false,"filesAdded":0,"filesRemoved":0,"filesUnmatched":0,"filesUpdated":0,"matched":0,"total":0,"unchecked":0,"uncheckedKeysByFile":[],"unmatched":0,"updated":0},"startTime":1559963241997,"success":true,"testResults":[{"assertionResults":[{"ancestorTitles":["TempoSelector"],"failureMessages":[],"fullName":"TempoSelector Default","location":null,"status":"passed","title":"Default"}],"endTime":1559963249718,"message":"","name":"/Users/thara/NodeProjects/Public/axl-metronome/__tests-image__/Tempo/TempoSelector.test.tsx","startTime":1559963245879,"status":"passed","summary":""},{"assertionResults":[{"ancestorTitles":["RingStepped"],"failureMessages":[],"fullName":"RingStepped Default","location":null,"status":"passed","title":"Default"}],"endTime":1559963250003,"message":"","name":"/Users/thara/NodeProjects/Public/axl-metronome/__tests-image__/Counter/Time/RingStepped.test.tsx","startTime":1559963245885,"status":"passed","summary":""},{"assertionResults":[{"ancestorTitles":["Indicator"],"failureMessages":[],"fullName":"Indicator Default","location":null,"status":"passed","title":"Default"}],"endTime":1559963250432,"message":"","name":"/Users/thara/NodeProjects/Public/axl-metronome/__tests-image__/Counter/Time/Indicator.test.tsx","startTime":1559963245879,"status":"passed","summary":""},{"assertionResults":[{"ancestorTitles":["BeatAxl"],"failureMessages":[],"fullName":"BeatAxl Default","location":null,"status":"passed","title":"Default"}],"endTime":1559963250666,"message":"","name":"/Users/thara/NodeProjects/Public/axl-metronome/__tests-image__/Counter/Beat/BeatAxl.test.tsx","startTime":1559963245885,"status":"passed","summary":""},{"assertionResults":[{"ancestorTitles":["AxlMetronome"],"failureMessages":[],"fullName":"AxlMetronome Default","location":null,"status":"passed","title":"Default"}],"endTime":1559963251374,"message":"","name":"/Users/thara/NodeProjects/Public/axl-metronome/__tests-image__/AxlMetronome.test.tsx","startTime":1559963245879,"status":"passed","summary":""},{"assertionResults":[{"ancestorTitles":["Counter"],"failureMessages":[],"fullName":"Counter Default","location":null,"status":"passed","title":"Default"}],"endTime":1559963251393,"message":"","name":"/Users/thara/NodeProjects/Public/axl-metronome/__tests-image__/Counter/Counter.test.tsx","startTime":1559963245879,"status":"passed","summary":""},{"assertionResults":[{"ancestorTitles":["Ring"],"failureMessages":[],"fullName":"Ring Default","location":null,"status":"passed","title":"Default"},{"ancestorTitles":["Ring"],"failureMessages":[],"fullName":"Ring Progress: 50%","location":null,"status":"passed","title":"Progress: 50%"}],"endTime":1559963252121,"message":"","name":"/Users/thara/NodeProjects/Public/axl-metronome/__tests-image__/Counter/Time/Ring.test.tsx","startTime":1559963245884,"status":"passed","summary":""},{"assertionResults":[{"ancestorTitles":["Beat"],"failureMessages":[],"fullName":"Beat Default","location":null,"status":"passed","title":"Default"}],"endTime":1559963252694,"message":"","name":"/Users/thara/NodeProjects/Public/axl-metronome/__tests-image__/Counter/Beat/Beat.test.tsx","startTime":1559963250108,"status":"passed","summary":""},{"assertionResults":[{"ancestorTitles":["Time"],"failureMessages":[],"fullName":"Time Default","location":null,"status":"passed","title":"Default"}],"endTime":1559963252760,"message":"","name":"/Users/thara/NodeProjects/Public/axl-metronome/__tests-image__/Counter/Time/Time.test.tsx","startTime":1559963250190,"status":"passed","summary":""},{"assertionResults":[{"ancestorTitles":["Tempo"],"failureMessages":[],"fullName":"Tempo Default - From","location":null,"status":"passed","title":"Default - From"},{"ancestorTitles":["Tempo"],"failureMessages":[],"fullName":"Tempo Default - To","location":null,"status":"passed","title":"Default - To"}],"endTime":1559963253999,"message":"","name":"/Users/thara/NodeProjects/Public/axl-metronome/__tests-image__/Tempo/Tempo.test.tsx","startTime":1559963250660,"status":"passed","summary":""}],"wasInterrupted":false}